{
"contracts/SafeMeeting.sol":{"l":{"32":0,"33":0,"34":0,"35":0,"36":0,"37":0,"40":0,"41":0,"43":0,"46":2,"47":2,"48":2,"49":0,"50":0,"51":0,"54":2,"55":0,"57":2,"80":2,"81":2,"94":1},"path":"/home/wahaj/meet_decentralizer/backend/contracts/SafeMeeting.sol","s":{"1":0,"2":0,"3":0,"4":0,"5":0,"6":0,"7":2,"8":2,"9":2,"10":0,"11":0,"12":2,"13":2,"14":2,"15":1},"b":{"1":[0,0],"2":[0,0],"3":[0,0],"4":[0,2]},"f":{"1":0,"2":2,"3":0,"4":2,"5":1},"fnMap":{"1":{"name":"hasAccess","line":31,"loc":{"start":{"line":31,"column":4},"end":{"line":44,"column":4}}},"2":{"name":"alreadyListed","line":45,"loc":{"start":{"line":45,"column":4},"end":{"line":58,"column":4}}},"3":{"name":"storeContent","line":69,"loc":{"start":{"line":60,"column":4},"end":{"line":69,"column":47}}},"4":{"name":"addAddressToCompany","line":78,"loc":{"start":{"line":76,"column":4},"end":{"line":82,"column":4}}},"5":{"name":"getCompanyIDFromWallet","line":89,"loc":{"start":{"line":89,"column":4},"end":{"line":95,"column":4}}}},"statementMap":{"1":{"start":{"line":32,"column":8},"end":{"line":32,"column":66}},"2":{"start":{"line":33,"column":8},"end":{"line":33,"column":27}},"3":{"start":{"line":34,"column":8},"end":{"line":34,"column":1153}},"4":{"start":{"line":35,"column":12},"end":{"line":35,"column":1212}},"5":{"start":{"line":36,"column":16},"end":{"line":36,"column":28}},"6":{"start":{"line":40,"column":8},"end":{"line":40,"column":1321}},"7":{"start":{"line":46,"column":8},"end":{"line":46,"column":66}},"8":{"start":{"line":47,"column":8},"end":{"line":47,"column":27}},"9":{"start":{"line":48,"column":8},"end":{"line":48,"column":1616}},"10":{"start":{"line":49,"column":12},"end":{"line":49,"column":1675}},"11":{"start":{"line":50,"column":16},"end":{"line":50,"column":28}},"12":{"start":{"line":54,"column":8},"end":{"line":54,"column":1784}},"13":{"start":{"line":80,"column":8},"end":{"line":80,"column":58}},"14":{"start":{"line":81,"column":8},"end":{"line":81,"column":51}},"15":{"start":{"line":94,"column":8},"end":{"line":94,"column":50}}},"branchMap":{"1":{"line":35,"type":"if","locations":[{"start":{"line":35,"column":12},"end":{"line":35,"column":12}},{"start":{"line":35,"column":12},"end":{"line":35,"column":12}}]},"2":{"line":40,"type":"if","locations":[{"start":{"line":40,"column":8},"end":{"line":40,"column":8}},{"start":{"line":40,"column":8},"end":{"line":40,"column":8}}]},"3":{"line":49,"type":"if","locations":[{"start":{"line":49,"column":12},"end":{"line":49,"column":12}},{"start":{"line":49,"column":12},"end":{"line":49,"column":12}}]},"4":{"line":54,"type":"if","locations":[{"start":{"line":54,"column":8},"end":{"line":54,"column":8}},{"start":{"line":54,"column":8},"end":{"line":54,"column":8}}]}}}}
