TN:
SF:/home/wahaj/meet_decentralizer/backend/contracts/SafeMeeting.sol
FN:31,hasAccess
FN:45,alreadyListed
FN:69,storeContent
FN:78,addAddressToCompany
FN:89,getCompanyIDFromWallet
FNF:5
FNH:3
FNDA:0,hasAccess
FNDA:2,alreadyListed
FNDA:0,storeContent
FNDA:2,addAddressToCompany
FNDA:1,getCompanyIDFromWallet
DA:32,0
DA:33,0
DA:34,0
DA:35,0
DA:36,0
DA:37,0
DA:40,0
DA:41,0
DA:43,0
DA:46,2
DA:47,2
DA:48,2
DA:49,0
DA:50,0
DA:51,0
DA:54,2
DA:55,0
DA:57,2
DA:80,2
DA:81,2
DA:94,1
LF:21
LH:8
BRDA:35,1,0,0
BRDA:35,1,1,0
BRDA:40,2,0,0
BRDA:40,2,1,0
BRDA:49,3,0,0
BRDA:49,3,1,0
BRDA:54,4,0,0
BRDA:54,4,1,2
BRF:8
BRH:1
end_of_record
